<?xml version="1.0" encoding="UTF-8"?>
<!-- Generated by org.testng.reporters.JUnitReportReporter -->
<testsuite skipped="0" hostname="Admin-PC" name="TestNg.TestNg1.Naukri" tests="2" failures="0" timestamp="12 May 2018 11:24:45 GMT" time="21.724" errors="0">
  <testcase name="setup" time="10.168" classname="TestNg.TestNg1.Naukri"/>
  <testcase name="test1" time="11.556" classname="TestNg.TestNg1.Naukri"/>
</testsuite> <!-- TestNg.TestNg1.Naukri -->
