<?xml version="1.0" encoding="UTF-8"?>
<!-- Generated by org.testng.reporters.JUnitReportReporter -->
<testsuite skipped="0" hostname="Admin-PC" name="TestNg.TestNg1.NaukriTest" tests="2" failures="0" timestamp="12 May 2018 15:41:54 GMT" time="19.815" errors="0">
  <testcase name="setup" time="7.930" classname="TestNg.TestNg1.NaukriTest"/>
  <testcase name="test1" time="11.885" classname="TestNg.TestNg1.NaukriTest"/>
</testsuite> <!-- TestNg.TestNg1.NaukriTest -->
